<?xml version="1.0" encoding="UTF-8"?>
<!-- Generated by org.testng.reporters.JUnitReportReporter -->
<testsuite hostname="BCIT-WIN-S1410" failures="0" tests="4" name="basicTestNG.Priority" time="0.016" errors="0" timestamp="2024-08-01T07:31:46 IST" skipped="1">
  <testcase classname="basicTestNG.Priority" name="TC1" time="0.012"/>
  <testcase classname="basicTestNG.Priority" name="TC3" time="0.002"/>
  <testcase classname="basicTestNG.Priority" name="TC2" time="0.002"/>
  <testcase classname="basicTestNG.Priority" name="TC0">
    <skipped/>
  </testcase> <!-- TC0 -->
</testsuite> <!-- basicTestNG.Priority -->
