<?xml version="1.0" encoding="UTF-8"?>
<!-- Generated by org.testng.reporters.JUnitReportReporter -->
<testsuite hostname="BCIT-WIN-S1410" failures="0" tests="3" name="basicTestNG.AnnotationsMethod" time="0.006" errors="0" timestamp="2024-08-02T07:15:28 IST" skipped="0">
  <testcase classname="basicTestNG.AnnotationsMethod" name="TC3" time="0.002"/>
  <testcase classname="basicTestNG.AnnotationsMethod" name="TC2" time="0.003"/>
  <testcase classname="basicTestNG.AnnotationsMethod" name="TC1" time="0.001"/>
</testsuite> <!-- basicTestNG.AnnotationsMethod -->
