<?xml version="1.0" encoding="UTF-8"?>
<!-- Generated by org.testng.reporters.JUnitReportReporter -->
<testsuite hostname="BCIT-WIN-S1410" failures="0" tests="4" name="basicTestNG.Basic1" time="0.020" errors="0" timestamp="2024-08-02T07:15:28 IST" skipped="0">
  <testcase classname="basicTestNG.Basic1" name="TC5" time="0.002"/>
  <testcase classname="basicTestNG.Basic1" name="TC1" time="0.012"/>
  <testcase classname="basicTestNG.Basic1" name="TC4" time="0.003"/>
  <testcase classname="basicTestNG.Basic1" name="TC6" time="0.003"/>
</testsuite> <!-- basicTestNG.Basic1 -->
